<?xml version="1.0" encoding="UTF-8"?>
<!-- Generated by org.testng.reporters.JUnitXMLReporter -->
<testsuite hostname="SACHIN-PC" ignored="0" name="Command line test" tests="3" failures="0" timestamp="11 Aug 2019 12:02:53 GMT" time="0.621" errors="0">
  <testcase name="NativeAPpAndroid" time="0.595" classname="qaclickacademy.AppiumTest"/>
  <testcase name="BrowserAUtomation" time="0.0" classname="qaclickacademy.SeleniumTest"/>
  <testcase name="elementsUi" time="0.0" classname="qaclickacademy.SeleniumTest"/>
</testsuite> <!-- Command line test -->
